1549812650.677733 client started (6259): version 2.8, socket /private/tmp/tmux-501/default, protocol 8
1549812650.677901 on Darwin 18.2.0 Darwin Kernel Version 18.2.0: Fri Oct  5 19:41:49 PDT 2018; root:xnu-4903.221.2~2/RELEASE_X86_64; libevent 2.1.8-stable (select)
1549812650.678003 socket is /private/tmp/tmux-501/default
1549812650.678081 trying connect
1549812650.678496 add peer 0x7fbc5f001000: 6 (0x0)
1549812650.680341 sending message 100 to peer 0x7fbc5f001000 (4 bytes)
1549812650.680449 sending message 101 to peer 0x7fbc5f001000 (15 bytes)
1549812650.680480 sending message 102 to peer 0x7fbc5f001000 (13 bytes)
1549812650.680500 sending message 108 to peer 0x7fbc5f001000 (45 bytes)
1549812650.680537 sending message 104 to peer 0x7fbc5f001000 (0 bytes)
1549812650.680554 sending message 107 to peer 0x7fbc5f001000 (4 bytes)
1549812650.680571 sending message 105 to peer 0x7fbc5f001000 (76 bytes)
1549812650.680588 sending message 105 to peer 0x7fbc5f001000 (15 bytes)
1549812650.680601 sending message 105 to peer 0x7fbc5f001000 (20 bytes)
1549812650.680614 sending message 105 to peer 0x7fbc5f001000 (12 bytes)
1549812650.680631 sending message 105 to peer 0x7fbc5f001000 (21 bytes)
1549812650.680644 sending message 105 to peer 0x7fbc5f001000 (19 bytes)
1549812650.680661 sending message 105 to peer 0x7fbc5f001000 (24 bytes)
1549812650.680674 sending message 105 to peer 0x7fbc5f001000 (61 bytes)
1549812650.680691 sending message 105 to peer 0x7fbc5f001000 (17 bytes)
1549812650.680704 sending message 105 to peer 0x7fbc5f001000 (15 bytes)
1549812650.680720 sending message 105 to peer 0x7fbc5f001000 (227 bytes)
1549812650.680733 sending message 105 to peer 0x7fbc5f001000 (49 bytes)
1549812650.680749 sending message 105 to peer 0x7fbc5f001000 (17 bytes)
1549812650.680764 sending message 105 to peer 0x7fbc5f001000 (24 bytes)
1549812650.680780 sending message 105 to peer 0x7fbc5f001000 (26 bytes)
1549812650.680792 sending message 105 to peer 0x7fbc5f001000 (8 bytes)
1549812650.680807 sending message 105 to peer 0x7fbc5f001000 (66 bytes)
1549812650.680821 sending message 105 to peer 0x7fbc5f001000 (20 bytes)
1549812650.680840 sending message 105 to peer 0x7fbc5f001000 (23 bytes)
1549812650.680852 sending message 105 to peer 0x7fbc5f001000 (27 bytes)
1549812650.680868 sending message 105 to peer 0x7fbc5f001000 (60 bytes)
1549812650.680883 sending message 105 to peer 0x7fbc5f001000 (57 bytes)
1549812650.680899 sending message 105 to peer 0x7fbc5f001000 (42 bytes)
1549812650.680912 sending message 105 to peer 0x7fbc5f001000 (13 bytes)
1549812650.680926 sending message 105 to peer 0x7fbc5f001000 (12 bytes)
1549812650.680940 sending message 105 to peer 0x7fbc5f001000 (39 bytes)
1549812650.680956 sending message 105 to peer 0x7fbc5f001000 (14 bytes)
1549812650.680970 sending message 105 to peer 0x7fbc5f001000 (19 bytes)
1549812650.680982 sending message 105 to peer 0x7fbc5f001000 (33 bytes)
1549812650.680995 sending message 106 to peer 0x7fbc5f001000 (0 bytes)
1549812650.681032 sending message 200 to peer 0x7fbc5f001000 (4 bytes)
1549812650.681050 client loop enter
1549812650.681772 peer 0x7fbc5f001000 message 211
1549812650.681843 client_write: sessions should be nested with care, unset $TMUX to force\n
1549812650.681914 peer 0x7fbc5f001000 message 203
1549812650.681941 client loop exit
