1549812913.439414 client started (7537): version 2.8, socket /private/tmp/tmux-501/default, protocol 8
1549812913.439465 on Darwin 18.2.0 Darwin Kernel Version 18.2.0: Fri Oct  5 19:41:49 PDT 2018; root:xnu-4903.221.2~2/RELEASE_X86_64; libevent 2.1.8-stable (select)
1549812913.439509 socket is /private/tmp/tmux-501/default
1549812913.439531 trying connect
1549812913.439699 add peer 0x7fb0d4800000: 6 (0x0)
1549812913.440862 sending message 100 to peer 0x7fb0d4800000 (4 bytes)
1549812913.440881 sending message 101 to peer 0x7fb0d4800000 (15 bytes)
1549812913.440891 sending message 102 to peer 0x7fb0d4800000 (13 bytes)
1549812913.440899 sending message 108 to peer 0x7fb0d4800000 (45 bytes)
1549812913.440915 sending message 104 to peer 0x7fb0d4800000 (0 bytes)
1549812913.440924 sending message 107 to peer 0x7fb0d4800000 (4 bytes)
1549812913.440932 sending message 105 to peer 0x7fb0d4800000 (76 bytes)
1549812913.440939 sending message 105 to peer 0x7fb0d4800000 (15 bytes)
1549812913.440947 sending message 105 to peer 0x7fb0d4800000 (20 bytes)
1549812913.440955 sending message 105 to peer 0x7fb0d4800000 (12 bytes)
1549812913.440963 sending message 105 to peer 0x7fb0d4800000 (21 bytes)
1549812913.440970 sending message 105 to peer 0x7fb0d4800000 (19 bytes)
1549812913.440978 sending message 105 to peer 0x7fb0d4800000 (24 bytes)
1549812913.440986 sending message 105 to peer 0x7fb0d4800000 (61 bytes)
1549812913.440993 sending message 105 to peer 0x7fb0d4800000 (17 bytes)
1549812913.441001 sending message 105 to peer 0x7fb0d4800000 (15 bytes)
1549812913.441009 sending message 105 to peer 0x7fb0d4800000 (227 bytes)
1549812913.441016 sending message 105 to peer 0x7fb0d4800000 (49 bytes)
1549812913.441024 sending message 105 to peer 0x7fb0d4800000 (17 bytes)
1549812913.441032 sending message 105 to peer 0x7fb0d4800000 (24 bytes)
1549812913.441039 sending message 105 to peer 0x7fb0d4800000 (26 bytes)
1549812913.441047 sending message 105 to peer 0x7fb0d4800000 (8 bytes)
1549812913.441055 sending message 105 to peer 0x7fb0d4800000 (66 bytes)
1549812913.441065 sending message 105 to peer 0x7fb0d4800000 (20 bytes)
1549812913.441074 sending message 105 to peer 0x7fb0d4800000 (23 bytes)
1549812913.441081 sending message 105 to peer 0x7fb0d4800000 (27 bytes)
1549812913.441089 sending message 105 to peer 0x7fb0d4800000 (60 bytes)
1549812913.441097 sending message 105 to peer 0x7fb0d4800000 (57 bytes)
1549812913.441105 sending message 105 to peer 0x7fb0d4800000 (42 bytes)
1549812913.441113 sending message 105 to peer 0x7fb0d4800000 (13 bytes)
1549812913.441120 sending message 105 to peer 0x7fb0d4800000 (12 bytes)
1549812913.441128 sending message 105 to peer 0x7fb0d4800000 (39 bytes)
1549812913.441136 sending message 105 to peer 0x7fb0d4800000 (14 bytes)
1549812913.441143 sending message 105 to peer 0x7fb0d4800000 (19 bytes)
1549812913.441151 sending message 105 to peer 0x7fb0d4800000 (33 bytes)
1549812913.441159 sending message 106 to peer 0x7fb0d4800000 (0 bytes)
1549812913.441169 sending message 200 to peer 0x7fb0d4800000 (4 bytes)
1549812913.441177 client loop enter
1549812913.441391 peer 0x7fb0d4800000 message 211
1549812913.441408 client_write: sessions should be nested with care, unset $TMUX to force\n
1549812913.441430 peer 0x7fb0d4800000 message 203
1549812913.441440 client loop exit
